BLASTN 2.11.0+
Reference: Stephen F. Altschul, Thomas L. Madden, Alejandro
A. Schaffer, Jinghui Zhang, Zheng Zhang, Webb Miller, and
David J. Lipman (1997), "Gapped BLAST and PSI-BLAST: a new
generation of protein database search programs", Nucleic
Acids Res. 25:3389-3402.


RID: 333PDBTA013


Database: Nucleotide collection (nt)
           67,819,645 sequences; 387,457,630,076 total letters
Query= trnK-UUU

Length=35


                                                                   Score     E     Max
Sequences producing significant alignments:                       (Bits)  Value  Ident

KY887589.1 Solanum pennellii chloroplast, complete genome          64.4    3e-11  100%        
KY887588.1 Solanum lycopersicum chloroplast, complete genome       64.4    3e-11  100%        
KY887587.1 Solanum lycopersicum chloroplast, complete genome       64.4    3e-11  100%        
KP117027.1 Solanum pimpinellifolium isolate TS-415 chloroplast...  64.4    3e-11  100%        
KP117026.1 Solanum peruvianum isolate TS-404 chloroplast, comp...  64.4    3e-11  100%        
KP117025.1 Solanum neorickii isolate TS-146 chloroplast, compl...  64.4    3e-11  100%        
KP117024.1 Solanum lycopersicum isolate TS-321 chloroplast, co...  64.4    3e-11  100%        
KP117023.1 Solanum habrochaites isolate TS-407 chloroplast, co...  64.4    3e-11  100%        
KP117022.1 Solanum galapagense isolate TS-208 chloroplast, com...  64.4    3e-11  100%        
KP117021.1 Solanum chilense isolate TS-408 chloroplast, comple...  64.4    3e-11  100%        
KP117020.1 Solanum cheesmaniae isolate TS-199 chloroplast, com...  64.4    3e-11  100%        
KP331414.1 Solanum lycopersicum chloroplast, complete genome       64.4    3e-11  100%        
HG975525.1 Solanum lycopersicum chloroplast, complete genome       64.4    3e-11  100%        
HG975452.1 Solanum pennellii chloroplast, complete genome          64.4    3e-11  100%        
MT811798.1 Solanum pimpinellifolium chloroplast, complete genome   64.4    3e-11  100%        
MT811797.1 Solanum neorickii chloroplast, complete genome          64.4    3e-11  100%        
MT811796.1 Solanum lycopersicum cultivar Vesuviano pizzo chlor...  64.4    3e-11  100%        
MT811795.1 Solanum lycopersicum cultivar Vesuvio foglia riccia...  64.4    3e-11  100%        
MT811794.1 Solanum lycopersicum cultivar Vesuvio 2001 chloropl...  64.4    3e-11  100%        
MT811793.1 Solanum lycopersicum cultivar Pollena chloroplast, ...  64.4    3e-11  100%        
MT811792.1 Solanum lycopersicum cultivar Piennolo giallo chlor...  64.4    3e-11  100%        
MT811791.1 Solanum lycopersicum cultivar PDS chloroplast, comp...  64.4    3e-11  100%        
MT811790.1 Solanum lycopersicum cultivar Corbarino chloroplast...  64.4    3e-11  100%        
AK328339.1 Solanum lycopersicum cDNA, clone: LEFL2052K22, HTC ...  64.4    3e-11  100%        
AM087200.3 Solanum lycopersicum complete chloroplast genome, c...  64.4    3e-11  100%        
DQ347959.1 Solanum lycopersicum cultivar LA3023 chloroplast, c...  64.4    3e-11  100%        

ALIGNMENTS
>KY887589.1 Solanum pennellii chloroplast, complete genome
Length=155254

 Score = 64.4 bits (70),  Expect = 3e-11
 Identities = 35/35 (100%), Gaps = 0/35 (0%)
 Strand=Plus/Minus

Query  1     CCGACTAGTTCCGGGTTCGAATCCCGGGCAACCCA  35
             |||||||||||||||||||||||||||||||||||
Sbjct  1833  CCGACTAGTTCCGGGTTCGAATCCCGGGCAACCCA  1799


>KY887588.1 Solanum lycopersicum chloroplast, complete genome
Length=155446

 Score = 64.4 bits (70),  Expect = 3e-11
 Identities = 35/35 (100%), Gaps = 0/35 (0%)
 Strand=Plus/Minus

Query  1     CCGACTAGTTCCGGGTTCGAATCCCGGGCAACCCA  35
             |||||||||||||||||||||||||||||||||||
Sbjct  1844  CCGACTAGTTCCGGGTTCGAATCCCGGGCAACCCA  1810


>KY887587.1 Solanum lycopersicum chloroplast, complete genome
Length=155460

 Score = 64.4 bits (70),  Expect = 3e-11
 Identities = 35/35 (100%), Gaps = 0/35 (0%)
 Strand=Plus/Minus

Query  1     CCGACTAGTTCCGGGTTCGAATCCCGGGCAACCCA  35
             |||||||||||||||||||||||||||||||||||
Sbjct  1845  CCGACTAGTTCCGGGTTCGAATCCCGGGCAACCCA  1811


>KP117027.1 Solanum pimpinellifolium isolate TS-415 chloroplast, complete 
genome
Length=155442

 Score = 64.4 bits (70),  Expect = 3e-11
 Identities = 35/35 (100%), Gaps = 0/35 (0%)
 Strand=Plus/Minus

Query  1     CCGACTAGTTCCGGGTTCGAATCCCGGGCAACCCA  35
             |||||||||||||||||||||||||||||||||||
Sbjct  1844  CCGACTAGTTCCGGGTTCGAATCCCGGGCAACCCA  1810


>KP117026.1 Solanum peruvianum isolate TS-404 chloroplast, complete genome
Length=155561

 Score = 64.4 bits (70),  Expect = 3e-11
 Identities = 35/35 (100%), Gaps = 0/35 (0%)
 Strand=Plus/Minus

Query  1     CCGACTAGTTCCGGGTTCGAATCCCGGGCAACCCA  35
             |||||||||||||||||||||||||||||||||||
Sbjct  1850  CCGACTAGTTCCGGGTTCGAATCCCGGGCAACCCA  1816


>KP117025.1 Solanum neorickii isolate TS-146 chloroplast, complete genome
Length=155513

 Score = 64.4 bits (70),  Expect = 3e-11
 Identities = 35/35 (100%), Gaps = 0/35 (0%)
 Strand=Plus/Minus

Query  1     CCGACTAGTTCCGGGTTCGAATCCCGGGCAACCCA  35
             |||||||||||||||||||||||||||||||||||
Sbjct  1834  CCGACTAGTTCCGGGTTCGAATCCCGGGCAACCCA  1800


>KP117024.1 Solanum lycopersicum isolate TS-321 chloroplast, complete genome
Length=155452

 Score = 64.4 bits (70),  Expect = 3e-11
 Identities = 35/35 (100%), Gaps = 0/35 (0%)
 Strand=Plus/Minus

Query  1     CCGACTAGTTCCGGGTTCGAATCCCGGGCAACCCA  35
             |||||||||||||||||||||||||||||||||||
Sbjct  1846  CCGACTAGTTCCGGGTTCGAATCCCGGGCAACCCA  1812


>KP117023.1 Solanum habrochaites isolate TS-407 chloroplast, complete genome
Length=155465

 Score = 64.4 bits (70),  Expect = 3e-11
 Identities = 35/35 (100%), Gaps = 0/35 (0%)
 Strand=Plus/Minus

Query  1     CCGACTAGTTCCGGGTTCGAATCCCGGGCAACCCA  35
             |||||||||||||||||||||||||||||||||||
Sbjct  1850  CCGACTAGTTCCGGGTTCGAATCCCGGGCAACCCA  1816


>KP117022.1 Solanum galapagense isolate TS-208 chloroplast, complete genome
Length=155474

 Score = 64.4 bits (70),  Expect = 3e-11
 Identities = 35/35 (100%), Gaps = 0/35 (0%)
 Strand=Plus/Minus

Query  1     CCGACTAGTTCCGGGTTCGAATCCCGGGCAACCCA  35
             |||||||||||||||||||||||||||||||||||
Sbjct  1845  CCGACTAGTTCCGGGTTCGAATCCCGGGCAACCCA  1811


>KP117021.1 Solanum chilense isolate TS-408 chloroplast, complete genome
Length=155528

 Score = 64.4 bits (70),  Expect = 3e-11
 Identities = 35/35 (100%), Gaps = 0/35 (0%)
 Strand=Plus/Minus

Query  1     CCGACTAGTTCCGGGTTCGAATCCCGGGCAACCCA  35
             |||||||||||||||||||||||||||||||||||
Sbjct  1851  CCGACTAGTTCCGGGTTCGAATCCCGGGCAACCCA  1817


>KP117020.1 Solanum cheesmaniae isolate TS-199 chloroplast, complete genome
Length=155520

 Score = 64.4 bits (70),  Expect = 3e-11
 Identities = 35/35 (100%), Gaps = 0/35 (0%)
 Strand=Plus/Minus

Query  1     CCGACTAGTTCCGGGTTCGAATCCCGGGCAACCCA  35
             |||||||||||||||||||||||||||||||||||
Sbjct  1845  CCGACTAGTTCCGGGTTCGAATCCCGGGCAACCCA  1811


>KP331414.1 Solanum lycopersicum chloroplast, complete genome
Length=155605

 Score = 64.4 bits (70),  Expect = 3e-11
 Identities = 35/35 (100%), Gaps = 0/35 (0%)
 Strand=Plus/Minus

Query  1     CCGACTAGTTCCGGGTTCGAATCCCGGGCAACCCA  35
             |||||||||||||||||||||||||||||||||||
Sbjct  1767  CCGACTAGTTCCGGGTTCGAATCCCGGGCAACCCA  1733


>HG975525.1 Solanum lycopersicum chloroplast, complete genome
Length=155461

 Score = 64.4 bits (70),  Expect = 3e-11
 Identities = 35/35 (100%), Gaps = 0/35 (0%)
 Strand=Plus/Minus

Query  1     CCGACTAGTTCCGGGTTCGAATCCCGGGCAACCCA  35
             |||||||||||||||||||||||||||||||||||
Sbjct  1850  CCGACTAGTTCCGGGTTCGAATCCCGGGCAACCCA  1816


>HG975452.1 Solanum pennellii chloroplast, complete genome
Length=155381

 Score = 64.4 bits (70),  Expect = 3e-11
 Identities = 35/35 (100%), Gaps = 0/35 (0%)
 Strand=Plus/Minus

Query  1     CCGACTAGTTCCGGGTTCGAATCCCGGGCAACCCA  35
             |||||||||||||||||||||||||||||||||||
Sbjct  1837  CCGACTAGTTCCGGGTTCGAATCCCGGGCAACCCA  1803


>MT811798.1 Solanum pimpinellifolium chloroplast, complete genome
Length=155420

 Score = 64.4 bits (70),  Expect = 3e-11
 Identities = 35/35 (100%), Gaps = 0/35 (0%)
 Strand=Plus/Minus

Query  1     CCGACTAGTTCCGGGTTCGAATCCCGGGCAACCCA  35
             |||||||||||||||||||||||||||||||||||
Sbjct  1848  CCGACTAGTTCCGGGTTCGAATCCCGGGCAACCCA  1814


>MT811797.1 Solanum neorickii chloroplast, complete genome
Length=155515

 Score = 64.4 bits (70),  Expect = 3e-11
 Identities = 35/35 (100%), Gaps = 0/35 (0%)
 Strand=Plus/Minus

Query  1     CCGACTAGTTCCGGGTTCGAATCCCGGGCAACCCA  35
             |||||||||||||||||||||||||||||||||||
Sbjct  1838  CCGACTAGTTCCGGGTTCGAATCCCGGGCAACCCA  1804


>MT811796.1 Solanum lycopersicum cultivar Vesuviano pizzo chloroplast, complete 
genome
Length=155435

 Score = 64.4 bits (70),  Expect = 3e-11
 Identities = 35/35 (100%), Gaps = 0/35 (0%)
 Strand=Plus/Minus

Query  1     CCGACTAGTTCCGGGTTCGAATCCCGGGCAACCCA  35
             |||||||||||||||||||||||||||||||||||
Sbjct  1849  CCGACTAGTTCCGGGTTCGAATCCCGGGCAACCCA  1815


>MT811795.1 Solanum lycopersicum cultivar Vesuvio foglia riccia chloroplast, 
complete genome
Length=155435

 Score = 64.4 bits (70),  Expect = 3e-11
 Identities = 35/35 (100%), Gaps = 0/35 (0%)
 Strand=Plus/Minus

Query  1     CCGACTAGTTCCGGGTTCGAATCCCGGGCAACCCA  35
             |||||||||||||||||||||||||||||||||||
Sbjct  1849  CCGACTAGTTCCGGGTTCGAATCCCGGGCAACCCA  1815


>MT811794.1 Solanum lycopersicum cultivar Vesuvio 2001 chloroplast, complete 
genome
Length=155435

 Score = 64.4 bits (70),  Expect = 3e-11
 Identities = 35/35 (100%), Gaps = 0/35 (0%)
 Strand=Plus/Minus

Query  1     CCGACTAGTTCCGGGTTCGAATCCCGGGCAACCCA  35
             |||||||||||||||||||||||||||||||||||
Sbjct  1849  CCGACTAGTTCCGGGTTCGAATCCCGGGCAACCCA  1815


>MT811793.1 Solanum lycopersicum cultivar Pollena chloroplast, complete genome
Length=155435

 Score = 64.4 bits (70),  Expect = 3e-11
 Identities = 35/35 (100%), Gaps = 0/35 (0%)
 Strand=Plus/Minus

Query  1     CCGACTAGTTCCGGGTTCGAATCCCGGGCAACCCA  35
             |||||||||||||||||||||||||||||||||||
Sbjct  1849  CCGACTAGTTCCGGGTTCGAATCCCGGGCAACCCA  1815


>MT811792.1 Solanum lycopersicum cultivar Piennolo giallo chloroplast, complete 
genome
Length=155434

 Score = 64.4 bits (70),  Expect = 3e-11
 Identities = 35/35 (100%), Gaps = 0/35 (0%)
 Strand=Plus/Minus

Query  1     CCGACTAGTTCCGGGTTCGAATCCCGGGCAACCCA  35
             |||||||||||||||||||||||||||||||||||
Sbjct  1849  CCGACTAGTTCCGGGTTCGAATCCCGGGCAACCCA  1815


>MT811791.1 Solanum lycopersicum cultivar PDS chloroplast, complete genome
Length=155435

 Score = 64.4 bits (70),  Expect = 3e-11
 Identities = 35/35 (100%), Gaps = 0/35 (0%)
 Strand=Plus/Minus

Query  1     CCGACTAGTTCCGGGTTCGAATCCCGGGCAACCCA  35
             |||||||||||||||||||||||||||||||||||
Sbjct  1849  CCGACTAGTTCCGGGTTCGAATCCCGGGCAACCCA  1815


>MT811790.1 Solanum lycopersicum cultivar Corbarino chloroplast, complete 
genome
Length=155435

 Score = 64.4 bits (70),  Expect = 3e-11
 Identities = 35/35 (100%), Gaps = 0/35 (0%)
 Strand=Plus/Minus

Query  1     CCGACTAGTTCCGGGTTCGAATCCCGGGCAACCCA  35
             |||||||||||||||||||||||||||||||||||
Sbjct  1849  CCGACTAGTTCCGGGTTCGAATCCCGGGCAACCCA  1815


>AK328339.1 Solanum lycopersicum cDNA, clone: LEFL2052K22, HTC in fruit
Length=1518

 Score = 64.4 bits (70),  Expect = 3e-11
 Identities = 35/35 (100%), Gaps = 0/35 (0%)
 Strand=Plus/Minus

Query  1    CCGACTAGTTCCGGGTTCGAATCCCGGGCAACCCA  35
            |||||||||||||||||||||||||||||||||||
Sbjct  679  CCGACTAGTTCCGGGTTCGAATCCCGGGCAACCCA  645


>AM087200.3 Solanum lycopersicum complete chloroplast genome, cultivar IPA-6
Length=155461

 Score = 64.4 bits (70),  Expect = 3e-11
 Identities = 35/35 (100%), Gaps = 0/35 (0%)
 Strand=Plus/Minus

Query  1     CCGACTAGTTCCGGGTTCGAATCCCGGGCAACCCA  35
             |||||||||||||||||||||||||||||||||||
Sbjct  1850  CCGACTAGTTCCGGGTTCGAATCCCGGGCAACCCA  1816


>DQ347959.1 Solanum lycopersicum cultivar LA3023 chloroplast, complete genome
Length=155461

 Score = 64.4 bits (70),  Expect = 3e-11
 Identities = 35/35 (100%), Gaps = 0/35 (0%)
 Strand=Plus/Minus

Query  1     CCGACTAGTTCCGGGTTCGAATCCCGGGCAACCCA  35
             |||||||||||||||||||||||||||||||||||
Sbjct  1847  CCGACTAGTTCCGGGTTCGAATCCCGGGCAACCCA  1813


  Database: Nucleotide collection (nt)
    Posted date:  Feb 15, 2021  5:23 PM
  Number of letters in database: 49,176,766
  Number of sequences in database:  25,031

Lambda      K        H
   0.634    0.408    0.912 
Gapped
Lambda      K        H
   0.625    0.410    0.780 
Matrix: blastn matrix:2 -3
Gap Penalties: Existence: 5, Extension: 2
Number of Sequences: 25031
Number of Hits to DB: 2
Number of extensions: 0
Number of successful extensions: 0
Number of sequences better than 0.001: 0
Number of HSP's better than 0.001 without gapping: 0
Number of HSP's gapped: 0
Number of HSP's successfully gapped: 0
Length of query: 35
Length of database: 49176766
Length adjustment: 22
Effective length of query: 13
Effective length of database: 48626084
Effective search space: 632139092
Effective search space used: 632139092
A: 0
X1: 22 (20.1 bits)
X2: 33 (29.8 bits)
X3: 110 (99.2 bits)
S1: 28 (26.5 bits)
S2: 43 (40.1 bits)


